Build started 11.12.2016 16:16:10.
     1>Project "C:\Users\Zava\Documents\Visual Studio 2013\Projects\SD\L12\P\P\P.vcxproj" on node 2 (Build target(s)).
     1>ClCompile:
         C:\Program Files (x86)\Microsoft Visual Studio 12.0\VC\bin\CL.exe /c /ZI /nologo /W3 /WX- /sdl /Od /Oy- /D WIN32 /D _DEBUG /D _CONSOLE /D _LIB /D _UNICODE /D UNICODE /Gm /EHsc /RTC1 /MDd /GS /fp:precise /Zc:wchar_t /Zc:forScope /Fo"Debug\\" /Fd"Debug\vc120.pdb" /Gd /TP /analyze- /errorReport:prompt Functii.cpp main.cpp
         Functii.cpp
         Generating Code...
         Compiling...
         main.cpp
         Generating Code...
       Link:
         C:\Program Files (x86)\Microsoft Visual Studio 12.0\VC\bin\link.exe /ERRORREPORT:PROMPT /OUT:"C:\Users\Zava\Documents\Visual Studio 2013\Projects\SD\L12\P\Debug\P.exe" /INCREMENTAL /NOLOGO kernel32.lib user32.lib gdi32.lib winspool.lib comdlg32.lib advapi32.lib shell32.lib ole32.lib oleaut32.lib uuid.lib odbc32.lib odbccp32.lib /MANIFEST /MANIFESTUAC:"level='asInvoker' uiAccess='false'" /manifest:embed /DEBUG /PDB:"C:\Users\Zava\Documents\Visual Studio 2013\Projects\SD\L12\P\Debug\P.pdb" /SUBSYSTEM:CONSOLE /TLBID:1 /DYNAMICBASE /NXCOMPAT /IMPLIB:"C:\Users\Zava\Documents\Visual Studio 2013\Projects\SD\L12\P\Debug\P.lib" /MACHINE:X86 Debug\Functii.obj
         Debug\main.obj
     1>main.obj : error LNK2019: unresolved external symbol "void __cdecl insert(int * &,int,int)" (?insert@@YAXAAPAHHH@Z) referenced in function _main
     1>C:\Users\Zava\Documents\Visual Studio 2013\Projects\SD\L12\P\Debug\P.exe : fatal error LNK1120: 1 unresolved externals
     1>Done Building Project "C:\Users\Zava\Documents\Visual Studio 2013\Projects\SD\L12\P\P\P.vcxproj" (Build target(s)) -- FAILED.

Build FAILED.

Time Elapsed 00:00:02.04
